Present State of MPS:
space_size=9	,cutoff=0.1000000000	,lr=0.100000
bond dimension:[2, 4, 7, 11, 11, 8, 4, 2, 1]	loss=9.581924e+01
cutoff	n_loop	n_descent	learning_rate
1.00e-01	1	10	1.00e-01
1.00e-01	1	10	1.00e-01
1.00e-01	1	10	1.00e-01
1.00e-01	1	10	1.00e-01
1.00e-01	1	10	1.00e-01
1.00e-01	1	10	1.00e-01
1.00e-01	1	10	1.00e-01
1.00e-01	1	10	1.00e-01
1.00e-01	1	10	1.00e-01
1.00e-01	1	10	1.00e-01
1.00e-01	1	10	1.00e-01
1.00e-01	1	10	1.00e-01
1.00e-01	1	10	1.00e-01
1.00e-01	1	10	1.00e-01
1.00e-01	1	10	1.00e-01
1.00e-01	1	10	1.00e-01
Present set_size:51
Present setting_number:57
