Present State of MPS:
space_size=20	,cutoff=0.0001000000	,lr=0.100000
bond dimension:[2, 4, 8, 11, 13, 15, 17, 18, 20, 21, 20, 18, 16, 16, 14, 12, 8, 4, 2, 1]	loss=1.606209e+01
cutoff	n_loop	n_descent	learning_rate
1.00e-04	1	10	1.00e-01
1.00e-04	1	10	1.00e-01
1.00e-04	1	10	1.00e-01
1.00e-04	1	10	1.00e-01
1.00e-04	1	10	1.00e-01
1.00e-04	1	10	1.00e-01
1.00e-04	1	10	1.00e-01
1.00e-04	1	10	1.00e-01
1.00e-04	1	10	1.00e-01
1.00e-04	1	10	1.00e-01
1.00e-04	1	10	1.00e-01
1.00e-04	1	10	1.00e-01
1.00e-04	1	10	1.00e-01
1.00e-04	1	10	1.00e-01
1.00e-04	1	10	1.00e-01
Present set_size:48
Present setting_number:41
