Present State of MPS:
space_size=13	,cutoff=0.1000000000	,lr=0.100000
bond dimension:[1, 2, 4, 8, 16, 32, 32, 16, 8, 4, 2, 1, 1]	loss=3.148170e+02
cutoff	n_loop	n_descent	learning_rate
1.00e-01	1	10	1.00e-01
1.00e-01	1	10	1.00e-01
1.00e-01	1	10	1.00e-01
1.00e-01	1	10	1.00e-01
1.00e-01	1	10	1.00e-01
1.00e-01	1	10	1.00e-01
1.00e-01	1	10	1.00e-01
1.00e-01	1	10	1.00e-01
1.00e-01	1	10	1.00e-01
1.00e-01	1	10	1.00e-01
1.00e-01	1	10	1.00e-01
1.00e-01	1	10	1.00e-01
1.00e-01	1	10	1.00e-01
1.00e-01	1	10	1.00e-01
1.00e-01	1	10	1.00e-01
Present set_size:48
Present setting_number:81
