bond: 3 [ 1.41421356  1.        ]
bond dimensions: [2, 2, 2, 2, 1]
bond: 2 [  8.16496581e-01   8.16496581e-01   6.28343567e-17   0.00000000e+00]
bond dimensions: [2, 2, 2, 2, 1]
bond: 1 [  8.66025404e-01   7.07106781e-01   1.18673345e-16   0.00000000e+00]
bond dimensions: [2, 2, 2, 2, 1]
bond: 0 [ 0.89442719  0.4472136 ]
bond dimensions: [2, 2, 2, 2, 1]
bond: 1 [  7.74596669e-01   6.32455532e-01   1.77646274e-17   4.36663169e-36]
bond dimensions: [2, 2, 2, 2, 1]
bond: 2 [  7.74596669e-01   6.32455532e-01   5.50193558e-17   1.27258901e-48]
bond dimensions: [2, 2, 2, 2, 1]
bond: 3 [ 0.89442719  0.4472136 ]
bond dimensions: [2, 2, 2, 2, 1]
bond: 3 [ 0.89442719  0.4472136 ]
bond dimensions: [2, 2, 2, 2, 1]
bond: 2 [  7.74596669e-01   6.32455532e-01   4.53290503e-17   2.01237423e-48]
bond dimensions: [2, 2, 2, 2, 1]
bond: 1 [  7.74596669e-01   6.32455532e-01   5.76315988e-17   6.93471015e-34]
bond dimensions: [2, 2, 2, 2, 1]
bond: 0 [ 0.89442719  0.4472136 ]
bond dimensions: [2, 2, 2, 2, 1]
bond: 1 [  7.74596669e-01   6.32455532e-01   4.05313874e-17   9.26111823e-48]
bond dimensions: [2, 2, 2, 2, 1]
bond: 2 [  7.74596669e-01   6.32455532e-01   2.94024422e-17   0.00000000e+00]
bond dimensions: [2, 2, 2, 2, 1]
bond: 3 [ 0.89442719  0.4472136 ]
bond dimensions: [2, 2, 2, 2, 1]
bond: 3 [ 2.7921676   0.35157652]
bond dimensions: [2, 2, 2, 2, 1]
bond: 2 [  1.71226993e+00   1.03665609e-01   4.55722514e-17   5.10072514e-18]
bond dimensions: [2, 2, 2, 2, 1]
bond: 1 [  2.20264892e+00   4.65985504e-02   9.04863685e-17   3.38824621e-18]
bond dimensions: [2, 2, 2, 2, 1]
bond: 0 [ 1.43197921  0.10113843]
bond dimensions: [2, 2, 2, 2, 1]
bond: 1 [  9.99965432e-01   8.31477990e-03   2.30816968e-17   3.07223554e-19]
bond dimensions: [2, 1, 2, 2, 1]
bond: 2 [ 0.99907697  0.04295577]
bond dimensions: [2, 1, 2, 2, 1]
bond: 3 [ 0.99688274  0.07889738]
bond dimensions: [2, 1, 2, 2, 1]
Current loss: 5.37794736813
Current loss: 5.38798998942
bond: 3 [ 0.86633768  0.49945873]
bond dimensions: [2, 1, 2, 2, 1]
Current loss: 4.3138054214
bond: 2 [ 0.80565494  0.59238511]
bond dimensions: [2, 1, 2, 2, 1]
Current loss: 4.18343135611
bond: 1 [ 0.9254233   0.29451394  0.23627389  0.03206093]
bond dimensions: [2, 3, 2, 2, 1]
Current loss: 3.34079704821
bond: 0 [ 0.81092784  0.58514617]
bond dimensions: [2, 3, 2, 2, 1]
Current loss: 3.21989650369
bond: 1 [ 0.89623606  0.39664583  0.19065513  0.05553053]
bond dimensions: [2, 3, 2, 2, 1]
Current loss: 3.15731185541
bond: 2 [ 0.75156487  0.64581998  0.12118687  0.05814249]
bond dimensions: [2, 3, 2, 2, 1]
Current loss: 3.08038859447
Current loss: 3.21724676789
bond: 3 [ 0.83971036  0.54303454]
bond dimensions: [2, 3, 2, 2, 1]
Current loss: 3.17627312037
bond: 2 [ 0.7796834   0.60426543  0.1455593   0.07595766]
bond dimensions: [2, 3, 2, 2, 1]
Current loss: 3.1079071068
bond: 1 [ 0.84350942  0.49664639  0.19305102  0.06756867]
bond dimensions: [2, 3, 2, 2, 1]
Current loss: 3.04301217144
bond: 0 [ 0.83571572  0.5491623 ]
bond dimensions: [2, 3, 2, 2, 1]
Current loss: 3.00838883675
bond: 1 [ 0.82357096  0.54192276  0.15138193  0.07165271]
bond dimensions: [2, 2, 2, 2, 1]
Current loss: 2.96686825521
bond: 2 [ 0.77820585  0.61343797  0.11934924  0.06201026]
bond dimensions: [2, 2, 2, 2, 1]
Current loss: 2.93435887925
set size: 160  successive fidelity: [0.95125711239334998]
Current Real Fidelity: [0.9525848611494695]
Current loss: 2.94284124868
bond: 3 [ 0.8462985   0.53270897]
bond dimensions: [2, 2, 2, 2, 1]
Current loss: 2.92409845418
bond: 2 [ 0.7419318   0.66189865  0.09902655  0.04026316]
bond dimensions: [2, 2, 2, 2, 1]
Current loss: 2.91238313602
bond: 1 [ 0.79183078  0.60830627  0.05306392  0.01231722]
bond dimensions: [2, 2, 2, 2, 1]
Current loss: 2.85969385564
bond: 0 [ 0.87119086  0.49094449]
bond dimensions: [2, 2, 2, 2, 1]
Current loss: 2.8533387319
bond: 1 [ 0.78144764  0.62166386  0.04161605  0.03378957]
bond dimensions: [2, 2, 2, 2, 1]
Current loss: 2.83948378728
bond: 2 [ 0.73447189  0.6683577   0.11195809  0.03625489]
bond dimensions: [2, 2, 2, 2, 1]
Current loss: 2.83162496945
set size: 200  successive fidelity: [0.95125711239334998, 0.96829939638796003]
Current Real Fidelity: [0.9525848611494695, 0.97888772316233819]
Current loss: 2.86764616288
bond: 3 [ 0.85106245  0.52506448]
bond dimensions: [2, 2, 2, 2, 1]
Current loss: 2.84058742396
bond: 2 [ 0.72663615  0.68176006  0.07799826  0.03345737]
bond dimensions: [2, 2, 2, 2, 1]
Current loss: 2.83883611293
bond: 1 [ 0.80348042  0.59082205  0.06694965  0.02943237]
bond dimensions: [2, 2, 2, 2, 1]
Current loss: 2.8341534631
bond: 0 [ 0.87367546  0.48650918]
bond dimensions: [2, 2, 2, 2, 1]
Current loss: 2.8406320412
bond: 1 [ 0.79271873  0.6052473   0.06728176  0.02731096]
bond dimensions: [2, 2, 2, 2, 1]
Current loss: 2.83674971667
bond: 2 [ 0.74027166  0.66471073  0.09727378  0.02636918]
bond dimensions: [2, 2, 2, 2, 1]
Current loss: 2.83643385821
set size: 240  successive fidelity: [0.95125711239334998, 0.96829939638796003, 0.99678306299783714]
Current Real Fidelity: [0.9525848611494695, 0.97888772316233819, 0.98268539116995712]
Current loss: 2.86744736621
bond: 3 [ 0.8651789   0.50146334]
bond dimensions: [2, 2, 2, 2, 1]
Current loss: 2.84778879429
bond: 2 [ 0.74465496  0.66417953  0.06452434  0.01382586]
bond dimensions: [2, 2, 2, 2, 1]
Current loss: 2.83848342596
bond: 1 [ 0.80984704  0.58079648  0.08144611  0.01377545]
bond dimensions: [2, 2, 2, 2, 1]
Current loss: 2.81885990697
bond: 0 [ 0.88595818  0.46376514]
bond dimensions: [2, 2, 2, 2, 1]
Current loss: 2.81015168876
bond: 1 [ 0.80388849  0.59058932  0.06966174  0.01071419]
bond dimensions: [2, 2, 2, 2, 1]
Current loss: 2.80586663847
bond: 2 [ 0.74160373  0.66825347  0.05099729  0.02933385]
bond dimensions: [2, 2, 2, 2, 1]
Current loss: 2.80101492643
set size: 280  successive fidelity: [0.95125711239334998, 0.96829939638796003, 0.99678306299783714, 0.99120942816382573]
Current Real Fidelity: [0.9525848611494695, 0.97888772316233819, 0.98268539116995712, 0.99462007495158855]
Current loss: 2.78276824461
bond: 3 [ 0.87028611  0.49254653]
bond dimensions: [2, 2, 2, 2, 1]
Current loss: 2.77384435511
bond: 2 [ 0.74389559  0.66548566  0.05964857  0.01379286]
bond dimensions: [2, 2, 2, 2, 1]
Current loss: 2.77116239773
bond: 1 [ 0.80267024  0.5938511   0.0549254   0.00667495]
bond dimensions: [2, 2, 2, 2, 1]
Current loss: 2.76940576204
bond: 0 [ 0.88731733  0.46115937]
bond dimensions: [2, 2, 2, 2, 1]
Current loss: 2.76916747938
bond: 1 [ 0.79406559  0.60513895  0.05683774  0.00601436]
bond dimensions: [2, 2, 2, 2, 1]
Current loss: 2.76891350662
bond: 2 [ 0.75199287  0.65653236  0.05647035  0.01682483]
bond dimensions: [2, 2, 2, 2, 1]
Current loss: 2.76833416884
set size: 320  successive fidelity: [0.95125711239334998, 0.96829939638796003, 0.99678306299783714, 0.99120942816382573, 0.99861515794814459]
Current Real Fidelity: [0.9525848611494695, 0.97888772316233819, 0.98268539116995712, 0.99462007495158855, 0.99571317474230769]
Current loss: 2.80717678989
bond: 3 [ 0.88029083  0.47443447]
bond dimensions: [2, 2, 2, 2, 1]
Current loss: 2.80206862223
bond: 2 [ 0.75696747  0.65107859  0.0533054   0.01598313]
bond dimensions: [2, 2, 2, 2, 1]
Current loss: 2.79681982702
bond: 1 [ 0.8047055   0.59109493  0.05429304  0.01039786]
bond dimensions: [2, 2, 2, 2, 1]
Current loss: 2.79474413791
bond: 0 [ 0.90019257  0.43549206]
bond dimensions: [2, 2, 2, 2, 1]
Current loss: 2.7944619241
bond: 1 [ 0.80366437  0.59260499  0.05317775  0.01072569]
bond dimensions: [2, 2, 2, 2, 1]
Current loss: 2.79432758736
bond: 2 [ 0.75891674  0.64893224  0.051025    0.01813216]
bond dimensions: [2, 2, 2, 2, 1]
Current loss: 2.7941237502
set size: 360  successive fidelity: [0.95125711239334998, 0.96829939638796003, 0.99678306299783714, 0.99120942816382573, 0.99861515794814459, 0.99883973015568395]
Current Real Fidelity: [0.9525848611494695, 0.97888772316233819, 0.98268539116995712, 0.99462007495158855, 0.99571317474230769, 0.99751304584672862]
Current loss: 2.80712259758
bond: 3 [ 0.88417969  0.46714695]
bond dimensions: [2, 2, 2, 2, 1]
Current loss: 2.80612986636
bond: 2 [ 0.75917989  0.64920775  0.04272459  0.01870285]
bond dimensions: [2, 2, 2, 2, 1]
Current loss: 2.80481086597
bond: 1 [ 0.80530195  0.59201851  0.03112146  0.0058577 ]
bond dimensions: [2, 2, 2, 2, 1]
Current loss: 2.80416133583
bond: 0 [ 0.89868304  0.43859867]
bond dimensions: [2, 2, 2, 2, 1]
Current loss: 2.80408506112
bond: 1 [ 0.80451678  0.59301296  0.0323558   0.00643987]
bond dimensions: [2, 2, 2, 2, 1]
Current loss: 2.80406775133
bond: 2 [ 0.76074932  0.64742235  0.04240983  0.01749799]
bond dimensions: [2, 2, 2, 2, 1]
Current loss: 2.80401618109
set size: 400  successive fidelity: [0.95125711239334998, 0.96829939638796003, 0.99678306299783714, 0.99120942816382573, 0.99861515794814459, 0.99883973015568395, 0.99967173182491864]
Current Real Fidelity: [0.9525848611494695, 0.97888772316233819, 0.98268539116995712, 0.99462007495158855, 0.99571317474230769, 0.99751304584672862, 0.99776566575263692]
Current loss: 2.80873108906
bond: 3 [ 0.8942283   0.44761115]
bond dimensions: [2, 2, 2, 2, 1]
Current loss: 2.80729736854
bond: 2 [ 0.77118242  0.63498935  0.04157762  0.01837113]
bond dimensions: [2, 2, 2, 2, 1]
Current loss: 2.80675205661
bond: 1 [ 0.79708795  0.6024334   0.04128433  0.00451702]
bond dimensions: [2, 2, 2, 2, 1]
Current loss: 2.80626348639
bond: 0 [ 0.89337927  0.44930332]
bond dimensions: [2, 2, 2, 2, 1]
Current loss: 2.80617625487
bond: 1 [ 0.79706108  0.60244398  0.04174551  0.00349287]
bond dimensions: [2, 2, 2, 2, 1]
Current loss: 2.80617826699
bond: 2 [ 0.77026837  0.63619266  0.03978058  0.0190537 ]
bond dimensions: [2, 2, 2, 2, 1]
Current loss: 2.80612188353
set size: 440  successive fidelity: [0.95125711239334998, 0.96829939638796003, 0.99678306299783714, 0.99120942816382573, 0.99861515794814459, 0.99883973015568395, 0.99967173182491864, 0.99977867331188042]
Current Real Fidelity: [0.9525848611494695, 0.97888772316233819, 0.98268539116995712, 0.99462007495158855, 0.99571317474230769, 0.99751304584672862, 0.99776566575263692, 0.99787656411147152]
Current loss: 2.79820750315
bond: 3 [ 0.89915731  0.43762556]
bond dimensions: [2, 2, 2, 2, 1]
Current loss: 2.79642093103
bond: 2 [ 0.77177205  0.63480877  0.03307224  0.01708681]
bond dimensions: [2, 2, 2, 2, 1]
Current loss: 2.79571858237
bond: 1 [ 0.79469447  0.60616335  0.03132492  0.00674181]
bond dimensions: [2, 2, 2, 2, 1]
Current loss: 2.79529723393
bond: 0 [ 0.89256099  0.45092669]
bond dimensions: [2, 2, 2, 2, 1]
Current loss: 2.79518284799
bond: 1 [ 0.79329497  0.6080008   0.03117091  0.0068187 ]
bond dimensions: [2, 2, 2, 2, 1]
Current loss: 2.7951083934
bond: 2 [ 0.77373521  0.6323608   0.03395533  0.01734004]
bond dimensions: [2, 2, 2, 2, 1]
Current loss: 2.79499856026
set size: 480  successive fidelity: [0.95125711239334998, 0.96829939638796003, 0.99678306299783714, 0.99120942816382573, 0.99861515794814459, 0.99883973015568395, 0.99967173182491864, 0.99977867331188042, 0.99962219694370835]
Current Real Fidelity: [0.9525848611494695, 0.97888772316233819, 0.98268539116995712, 0.99462007495158855, 0.99571317474230769, 0.99751304584672862, 0.99776566575263692, 0.99787656411147152, 0.998224493213136]
Current loss: 2.79412604628
bond: 3 [ 0.90239604  0.43090763]
bond dimensions: [2, 2, 2, 2, 1]
Current loss: 2.79353547253
bond: 2 [ 0.78014515  0.62465913  0.03028495  0.01604179]
bond dimensions: [2, 2, 2, 2, 1]
Current loss: 2.79311918209
bond: 1 [ 0.78902509  0.61402347  0.02010356  0.00322958]
bond dimensions: [2, 2, 2, 2, 1]
Current loss: 2.7929150403
bond: 0 [ 0.88921063  0.45749804]
bond dimensions: [2, 2, 2, 2, 1]
Current loss: 2.79287102768
bond: 1 [ 0.78806518  0.61524335  0.02036913  0.00374155]
bond dimensions: [2, 2, 2, 2, 1]
Current loss: 2.79284831274
bond: 2 [ 0.78190397  0.62238768  0.03193789  0.01548307]
bond dimensions: [2, 2, 2, 2, 1]
Current loss: 2.79281708892
set size: 520  successive fidelity: [0.95125711239334998, 0.96829939638796003, 0.99678306299783714, 0.99120942816382573, 0.99861515794814459, 0.99883973015568395, 0.99967173182491864, 0.99977867331188042, 0.99962219694370835, 0.9998550918979896]
Current Real Fidelity: [0.9525848611494695, 0.97888772316233819, 0.98268539116995712, 0.99462007495158855, 0.99571317474230769, 0.99751304584672862, 0.99776566575263692, 0.99787656411147152, 0.998224493213136, 0.99817559476028628]
Current loss: 2.80326302889
bond: 3 [ 0.90357659  0.4284266 ]
bond dimensions: [2, 2, 2, 2, 1]
Current loss: 2.80252295042
bond: 2 [ 0.77882096  0.62585603  0.03287488  0.02571734]
bond dimensions: [2, 2, 2, 2, 1]
Current loss: 2.80212082129
bond: 1 [ 0.78248516  0.62186182  0.03112102  0.00602833]
bond dimensions: [2, 2, 2, 2, 1]
Current loss: 2.80190331202
bond: 0 [ 0.88871035  0.45846911]
bond dimensions: [2, 2, 2, 2, 1]
Current loss: 2.80187913248
bond: 1 [ 0.7817916   0.62266022  0.0323423   0.00707914]
bond dimensions: [2, 2, 2, 2, 1]
Current loss: 2.80188390006
bond: 2 [ 0.77990434  0.62451127  0.03362149  0.02458639]
bond dimensions: [2, 2, 2, 2, 1]
Current loss: 2.80186737335
set size: 560  successive fidelity: [0.95125711239334998, 0.96829939638796003, 0.99678306299783714, 0.99120942816382573, 0.99861515794814459, 0.99883973015568395, 0.99967173182491864, 0.99977867331188042, 0.99962219694370835, 0.9998550918979896, 0.99986785342378592]
Current Real Fidelity: [0.9525848611494695, 0.97888772316233819, 0.98268539116995712, 0.99462007495158855, 0.99571317474230769, 0.99751304584672862, 0.99776566575263692, 0.99787656411147152, 0.998224493213136, 0.99817559476028628, 0.99816397286095215]
Current loss: 2.81409811989
bond: 3 [ 0.90538968  0.4245816 ]
bond dimensions: [2, 2, 2, 2, 1]
Current loss: 2.81351289421
bond: 2 [ 0.77923989  0.62535284  0.03854355  0.01527799]
bond dimensions: [2, 2, 2, 2, 1]
Current loss: 2.8133484127
bond: 1 [ 0.77967354  0.62516844  0.03344266  0.01245714]
bond dimensions: [2, 2, 2, 2, 1]
Current loss: 2.81307360205
bond: 0 [ 0.88640321  0.46291398]
bond dimensions: [2, 2, 2, 2, 1]
Current loss: 2.81302182256
bond: 1 [ 0.7799428   0.62480231  0.03387226  0.01280543]
bond dimensions: [2, 2, 2, 2, 1]
Current loss: 2.81303022823
bond: 2 [ 0.77923919  0.62536101  0.03838123  0.0153876 ]
bond dimensions: [2, 2, 2, 2, 1]
Current loss: 2.81300936909
set size: 600  successive fidelity: [0.95125711239334998, 0.96829939638796003, 0.99678306299783714, 0.99120942816382573, 0.99861515794814459, 0.99883973015568395, 0.99967173182491864, 0.99977867331188042, 0.99962219694370835, 0.9998550918979896, 0.99986785342378592, 0.99988904347511343]
Current Real Fidelity: [0.9525848611494695, 0.97888772316233819, 0.98268539116995712, 0.99462007495158855, 0.99571317474230769, 0.99751304584672862, 0.99776566575263692, 0.99787656411147152, 0.998224493213136, 0.99817559476028628, 0.99816397286095215, 0.99780245574575088]
Current loss: 2.80570687468
bond: 3 [ 0.90352526  0.42853483]
bond dimensions: [2, 2, 2, 2, 1]
Current loss: 2.80548160278
bond: 2 [ 0.77768039  0.627386    0.03707053  0.01502634]
bond dimensions: [2, 2, 2, 2, 1]
Current loss: 2.80537764261
bond: 1 [ 0.78159468  0.62325254  0.02475343  0.00730056]
bond dimensions: [2, 2, 2, 2, 1]
Current loss: 2.80504039262
bond: 0 [ 0.88437747  0.46677241]
bond dimensions: [2, 2, 2, 2, 1]
Current loss: 2.80499282745
bond: 1 [ 0.78205901  0.62267897  0.02469776  0.0066799 ]
bond dimensions: [2, 2, 2, 2, 1]
Current loss: 2.80498823115
bond: 2 [ 0.77635692  0.62907162  0.03613995  0.01525567]
bond dimensions: [2, 2, 2, 2, 1]
Current loss: 2.80498619968
set size: 640  successive fidelity: [0.95125711239334998, 0.96829939638796003, 0.99678306299783714, 0.99120942816382573, 0.99861515794814459, 0.99883973015568395, 0.99967173182491864, 0.99977867331188042, 0.99962219694370835, 0.9998550918979896, 0.99986785342378592, 0.99988904347511343, 0.9999276837762443]
Current Real Fidelity: [0.9525848611494695, 0.97888772316233819, 0.98268539116995712, 0.99462007495158855, 0.99571317474230769, 0.99751304584672862, 0.99776566575263692, 0.99787656411147152, 0.998224493213136, 0.99817559476028628, 0.99816397286095215, 0.99780245574575088, 0.99803331223594915]
Current loss: 2.81192469873
bond: 3 [ 0.90146966  0.43284229]
bond dimensions: [2, 2, 2, 2, 1]
Current loss: 2.81145077909
bond: 2 [ 0.77944573  0.62496229  0.04030406  0.01618877]
bond dimensions: [2, 2, 2, 2, 1]
Current loss: 2.81087783018
bond: 1 [ 0.77996886  0.62527319  0.02462339  0.00870027]
bond dimensions: [2, 2, 2, 2, 1]
Current loss: 2.81058097587
bond: 0 [ 0.88315038  0.46908997]
bond dimensions: [2, 2, 2, 2, 1]
Current loss: 2.81054603004
bond: 1 [ 0.77979072  0.62549405  0.02443372  0.00930732]
bond dimensions: [2, 2, 2, 2, 1]
Current loss: 2.8105268896
bond: 2 [ 0.78007523  0.62417622  0.04032488  0.0161428 ]
bond dimensions: [2, 2, 2, 2, 1]
Current loss: 2.81052111212
set size: 680  successive fidelity: [0.95125711239334998, 0.96829939638796003, 0.99678306299783714, 0.99120942816382573, 0.99861515794814459, 0.99883973015568395, 0.99967173182491864, 0.99977867331188042, 0.99962219694370835, 0.9998550918979896, 0.99986785342378592, 0.99988904347511343, 0.9999276837762443, 0.99984904188644386]
Current Real Fidelity: [0.9525848611494695, 0.97888772316233819, 0.98268539116995712, 0.99462007495158855, 0.99571317474230769, 0.99751304584672862, 0.99776566575263692, 0.99787656411147152, 0.998224493213136, 0.99817559476028628, 0.99816397286095215, 0.99780245574575088, 0.99803331223594915, 0.99807778192292895]
Current loss: 2.82039743493
bond: 3 [ 0.90218033  0.43135907]
bond dimensions: [2, 2, 2, 2, 1]
Current loss: 2.81996493713
bond: 2 [ 0.78483526  0.61833263  0.0403821   0.00822564]
bond dimensions: [2, 2, 2, 2, 1]
Current loss: 2.81971202915
bond: 1 [ 0.77595348  0.6302526   0.02533062  0.00601756]
bond dimensions: [2, 2, 2, 2, 1]
Current loss: 2.81927985455
bond: 0 [ 0.88397999  0.46752474]
bond dimensions: [2, 2, 2, 2, 1]
Current loss: 2.81923186539
bond: 1 [ 0.77573453  0.63052355  0.02533382  0.00584735]
bond dimensions: [2, 2, 2, 2, 1]
Current loss: 2.81920983482
bond: 2 [ 0.78600055  0.61684387  0.04055407  0.00788307]
bond dimensions: [2, 2, 2, 2, 1]
Current loss: 2.81920084785
set size: 720  successive fidelity: [0.95125711239334998, 0.96829939638796003, 0.99678306299783714, 0.99120942816382573, 0.99861515794814459, 0.99883973015568395, 0.99967173182491864, 0.99977867331188042, 0.99962219694370835, 0.9998550918979896, 0.99986785342378592, 0.99988904347511343, 0.9999276837762443, 0.99984904188644386, 0.99986848073816181]
Current Real Fidelity: [0.9525848611494695, 0.97888772316233819, 0.98268539116995712, 0.99462007495158855, 0.99571317474230769, 0.99751304584672862, 0.99776566575263692, 0.99787656411147152, 0.998224493213136, 0.99817559476028628, 0.99816397286095215, 0.99780245574575088, 0.99803331223594915, 0.99807778192292895, 0.99811955150782061]
Current loss: 2.82801080902
bond: 3 [ 0.90435737  0.42677598]
bond dimensions: [2, 2, 2, 2, 1]
Current loss: 2.82677585428
bond: 2 [ 0.78696409  0.61517066  0.04616703  0.01100829]
bond dimensions: [2, 2, 2, 2, 1]
Current loss: 2.82646679021
bond: 1 [ 0.77792468  0.62754818  0.031516    0.00481757]
bond dimensions: [2, 2, 2, 2, 1]
Current loss: 2.82604813562
bond: 0 [ 0.88472353  0.46611616]
bond dimensions: [2, 2, 2, 2, 1]
Current loss: 2.82598358129
bond: 1 [ 0.7783222   0.62705835  0.03165249  0.00324075]
bond dimensions: [2, 2, 2, 2, 1]
Current loss: 2.82596706395
bond: 2 [ 0.78742751  0.6145644   0.04617632  0.01167347]
bond dimensions: [2, 2, 2, 2, 1]
Current loss: 2.82595304128
set size: 760  successive fidelity: [0.95125711239334998, 0.96829939638796003, 0.99678306299783714, 0.99120942816382573, 0.99861515794814459, 0.99883973015568395, 0.99967173182491864, 0.99977867331188042, 0.99962219694370835, 0.9998550918979896, 0.99986785342378592, 0.99988904347511343, 0.9999276837762443, 0.99984904188644386, 0.99986848073816181, 0.99982038183687527]
Current Real Fidelity: [0.9525848611494695, 0.97888772316233819, 0.98268539116995712, 0.99462007495158855, 0.99571317474230769, 0.99751304584672862, 0.99776566575263692, 0.99787656411147152, 0.998224493213136, 0.99817559476028628, 0.99816397286095215, 0.99780245574575088, 0.99803331223594915, 0.99807778192292895, 0.99811955150782061, 0.99813932291556073]
Current loss: 2.82897854263
bond: 3 [ 0.90313196  0.4293631 ]
bond dimensions: [2, 2, 2, 2, 1]
Current loss: 2.82866176887
bond: 2 [ 0.78739183  0.6146024   0.04556508  0.01420614]
bond dimensions: [2, 2, 2, 2, 1]
Current loss: 2.82842090706
bond: 1 [ 0.77570918  0.63000447  0.03582935  0.00926758]
bond dimensions: [2, 2, 2, 2, 1]
Current loss: 2.82814850342
bond: 0 [ 0.88115308  0.47283109]
bond dimensions: [2, 2, 2, 2, 1]
Current loss: 2.82811690739
bond: 1 [ 0.7757082   0.62998247  0.03632835  0.00889505]
bond dimensions: [2, 2, 2, 2, 1]
Current loss: 2.82811070311
bond: 2 [ 0.78713629  0.61491358  0.04580974  0.01411455]
bond dimensions: [2, 2, 2, 2, 1]
Current loss: 2.82810500347
set size: 800  successive fidelity: [0.95125711239334998, 0.96829939638796003, 0.99678306299783714, 0.99120942816382573, 0.99861515794814459, 0.99883973015568395, 0.99967173182491864, 0.99977867331188042, 0.99962219694370835, 0.9998550918979896, 0.99986785342378592, 0.99988904347511343, 0.9999276837762443, 0.99984904188644386, 0.99986848073816181, 0.99982038183687527, 0.99990727930195122]
Current Real Fidelity: [0.9525848611494695, 0.97888772316233819, 0.98268539116995712, 0.99462007495158855, 0.99571317474230769, 0.99751304584672862, 0.99776566575263692, 0.99787656411147152, 0.998224493213136, 0.99817559476028628, 0.99816397286095215, 0.99780245574575088, 0.99803331223594915, 0.99807778192292895, 0.99811955150782061, 0.99813932291556073, 0.99829793892591345]
Current loss: 2.83800118913
bond: 3 [ 0.90063907  0.43456792]
bond dimensions: [2, 2, 2, 2, 1]
Current loss: 2.83744835675
bond: 2 [ 0.783322    0.61957999  0.04761078  0.0161399 ]
bond dimensions: [2, 2, 2, 2, 1]
Current loss: 2.83730239838
bond: 1 [ 0.77629621  0.62914801  0.03891912  0.00471967]
bond dimensions: [2, 2, 2, 2, 1]
Current loss: 2.83706763275
bond: 0 [ 0.88078689  0.47351289]
bond dimensions: [2, 2, 2, 2, 1]
Current loss: 2.83703701528
bond: 1 [ 0.7759966   0.62952852  0.03867961  0.00519659]
bond dimensions: [2, 2, 2, 2, 1]
Current loss: 2.83703685772
bond: 2 [ 0.78322131  0.61972967  0.04757139  0.01537767]
bond dimensions: [2, 2, 2, 2, 1]
Current loss: 2.83702353825
set size: 840  successive fidelity: [0.95125711239334998, 0.96829939638796003, 0.99678306299783714, 0.99120942816382573, 0.99861515794814459, 0.99883973015568395, 0.99967173182491864, 0.99977867331188042, 0.99962219694370835, 0.9998550918979896, 0.99986785342378592, 0.99988904347511343, 0.9999276837762443, 0.99984904188644386, 0.99986848073816181, 0.99982038183687527, 0.99990727930195122, 0.99989852501561194]
Current Real Fidelity: [0.9525848611494695, 0.97888772316233819, 0.98268539116995712, 0.99462007495158855, 0.99571317474230769, 0.99751304584672862, 0.99776566575263692, 0.99787656411147152, 0.998224493213136, 0.99817559476028628, 0.99816397286095215, 0.99780245574575088, 0.99803331223594915, 0.99807778192292895, 0.99811955150782061, 0.99813932291556073, 0.99829793892591345, 0.99832055300900546]
Current loss: 2.83789905002
bond: 3 [ 0.90214057  0.43144223]
bond dimensions: [2, 2, 2, 2, 1]
Current loss: 2.83736853987
bond: 2 [ 0.78987161  0.6114208   0.0447117   0.01638027]
bond dimensions: [2, 2, 2, 2, 1]
Current loss: 2.83702516534
bond: 1 [ 0.77196167  0.63451096  0.03756281  0.00774937]
bond dimensions: [2, 2, 2, 2, 1]
Current loss: 2.83670941944
bond: 0 [ 0.87811237  0.47845445]
bond dimensions: [2, 2, 2, 2, 1]
Current loss: 2.83668369002
bond: 1 [ 0.77179413  0.6347101   0.03743397  0.00869589]
bond dimensions: [2, 2, 2, 2, 1]
Current loss: 2.83666895574
bond: 2 [ 0.79105086  0.60994308  0.04439814  0.0153877 ]
bond dimensions: [2, 2, 2, 2, 1]
Current loss: 2.83666452845
set size: 880  successive fidelity: [0.95125711239334998, 0.96829939638796003, 0.99678306299783714, 0.99120942816382573, 0.99861515794814459, 0.99883973015568395, 0.99967173182491864, 0.99977867331188042, 0.99962219694370835, 0.9998550918979896, 0.99986785342378592, 0.99988904347511343, 0.9999276837762443, 0.99984904188644386, 0.99986848073816181, 0.99982038183687527, 0.99990727930195122, 0.99989852501561194, 0.99986964748109919]
Current Real Fidelity: [0.9525848611494695, 0.97888772316233819, 0.98268539116995712, 0.99462007495158855, 0.99571317474230769, 0.99751304584672862, 0.99776566575263692, 0.99787656411147152, 0.998224493213136, 0.99817559476028628, 0.99816397286095215, 0.99780245574575088, 0.99803331223594915, 0.99807778192292895, 0.99811955150782061, 0.99813932291556073, 0.99829793892591345, 0.99832055300900546, 0.99804947345018091]
Current loss: 2.82762895693
bond: 3 [ 0.90317895  0.42926424]
bond dimensions: [2, 2, 2, 2, 1]
Current loss: 2.82751695717
bond: 2 [ 0.79200752  0.60879198  0.04408296  0.01237337]
bond dimensions: [2, 2, 2, 2, 1]
Current loss: 2.82742992502
bond: 1 [ 0.76931896  0.63781639  0.03530939  0.00958313]
bond dimensions: [2, 2, 2, 2, 1]
Current loss: 2.82730101981
bond: 0 [ 0.87836509  0.47799034]
bond dimensions: [2, 2, 2, 2, 1]
Current loss: 2.8272795726
bond: 1 [ 0.76916027  0.63800935  0.03536018  0.00928468]
bond dimensions: [2, 2, 2, 2, 1]
Current loss: 2.82728001531
bond: 2 [ 0.79194638  0.6088822   0.04382542  0.01275638]
bond dimensions: [2, 2, 2, 2, 1]
Current loss: 2.82727947078
set size: 920  successive fidelity: [0.95125711239334998, 0.96829939638796003, 0.99678306299783714, 0.99120942816382573, 0.99861515794814459, 0.99883973015568395, 0.99967173182491864, 0.99977867331188042, 0.99962219694370835, 0.9998550918979896, 0.99986785342378592, 0.99988904347511343, 0.9999276837762443, 0.99984904188644386, 0.99986848073816181, 0.99982038183687527, 0.99990727930195122, 0.99989852501561194, 0.99986964748109919, 0.99996685669695873]
Current Real Fidelity: [0.9525848611494695, 0.97888772316233819, 0.98268539116995712, 0.99462007495158855, 0.99571317474230769, 0.99751304584672862, 0.99776566575263692, 0.99787656411147152, 0.998224493213136, 0.99817559476028628, 0.99816397286095215, 0.99780245574575088, 0.99803331223594915, 0.99807778192292895, 0.99811955150782061, 0.99813932291556073, 0.99829793892591345, 0.99832055300900546, 0.99804947345018091, 0.99813844785776151]
bond: 4 [ 1.41421356  1.        ]
bond dimensions: [2, 2, 2, 2, 2, 1]
bond: 3 [  8.16496581e-01   8.16496581e-01   8.77708367e-17   0.00000000e+00]
bond dimensions: [2, 2, 2, 2, 2, 1]
bond: 2 [  8.66025404e-01   7.07106781e-01   5.14929843e-17  -0.00000000e+00]
bond dimensions: [2, 2, 2, 2, 2, 1]
bond: 1 [  8.94427191e-01   6.32455532e-01   7.71841509e-18  -0.00000000e+00]
bond dimensions: [2, 2, 2, 2, 2, 1]
bond: 0 [ 0.91287093  0.40824829]
bond dimensions: [2, 2, 2, 2, 2, 1]
bond: 1 [  8.16496581e-01   5.77350269e-01   4.31372460e-18   5.02850858e-35]
bond dimensions: [2, 2, 2, 2, 2, 1]
bond: 2 [  7.07106781e-01   7.07106781e-01   8.54092800e-18   9.28728942e-34]
bond dimensions: [2, 2, 2, 2, 2, 1]
bond: 3 [  8.16496581e-01   5.77350269e-01   4.38854184e-17   2.47205394e-48]
bond dimensions: [2, 2, 2, 2, 2, 1]
bond: 4 [ 0.91287093  0.40824829]
bond dimensions: [2, 2, 2, 2, 2, 1]
bond: 4 [ 0.91287093  0.40824829]
bond dimensions: [2, 2, 2, 2, 2, 1]
bond: 3 [  8.16496581e-01   5.77350269e-01   2.94346140e-17   1.75082859e-48]
bond dimensions: [2, 2, 2, 2, 2, 1]
bond: 2 [  7.07106781e-01   7.07106781e-01   1.24642733e-17   1.90962771e-32]
bond dimensions: [2, 2, 2, 2, 2, 1]
bond: 1 [  8.16496581e-01   5.77350269e-01   1.02918264e-17   5.16413767e-34]
bond dimensions: [2, 2, 2, 2, 2, 1]
bond: 0 [ 0.91287093  0.40824829]
bond dimensions: [2, 2, 2, 2, 2, 1]
bond: 1 [  8.16496581e-01   5.77350269e-01   5.35055574e-17   7.37325330e-34]
bond dimensions: [2, 2, 2, 2, 2, 1]
bond: 2 [  7.07106781e-01   7.07106781e-01   1.37913162e-17   5.97001592e-48]
bond dimensions: [2, 2, 2, 2, 2, 1]
bond: 3 [  8.16496581e-01   5.77350269e-01   1.37118690e-17   0.00000000e+00]
bond dimensions: [2, 2, 2, 2, 2, 1]
bond: 4 [ 0.91287093  0.40824829]
bond dimensions: [2, 2, 2, 2, 2, 1]
bond: 4 [ 3.75134129  0.19457485]
bond dimensions: [2, 2, 2, 2, 2, 1]
bond: 3 [  2.45869350e+00   1.45640463e-01   5.89810984e-17   5.46626291e-18]
bond dimensions: [2, 2, 2, 2, 2, 1]
bond: 2 [  2.45484556e+00   8.08018319e-02   3.44975347e-17   2.73825628e-18]
bond dimensions: [2, 2, 2, 2, 2, 1]
bond: 1 [  2.08797897e+00   2.02519260e-01   2.71236505e-17   1.05039440e-17]
bond dimensions: [2, 2, 2, 2, 2, 1]
bond: 0 [ 0.77035695  0.0496716 ]
bond dimensions: [2, 2, 2, 2, 2, 1]
bond: 1 [  9.98514748e-01   5.44820807e-02   4.13418762e-18   1.13956571e-18]
bond dimensions: [2, 2, 2, 2, 2, 1]
bond: 2 [  9.99936222e-01   1.12939166e-02   7.62533383e-18   1.04705308e-18]
bond dimensions: [2, 2, 2, 2, 2, 1]
bond: 3 [  9.98703872e-01   5.08977102e-02   1.00493631e-18   1.27976230e-19]
bond dimensions: [2, 2, 2, 2, 2, 1]
bond: 4 [ 0.99960296  0.02817679]
bond dimensions: [2, 2, 2, 2, 2, 1]
Current loss: 6.06186513377
Current loss: 5.93534339545
bond: 4 [ 0.9490495   0.31512702]
bond dimensions: [2, 2, 2, 2, 2, 1]
Current loss: 5.08523789588
bond: 3 [ 0.91177166  0.3720002   0.15881942  0.07116661]
bond dimensions: [2, 2, 2, 2, 2, 1]
Current loss: 4.56864259584
bond: 2 [ 0.87104289  0.4750577   0.11679851  0.04430098]
bond dimensions: [2, 2, 2, 2, 2, 1]
Current loss: 4.34188893931
bond: 1 [ 0.83696075  0.52652888  0.14386499  0.03958404]
bond dimensions: [2, 2, 2, 2, 2, 1]
Current loss: 3.91992366999
bond: 0 [ 0.84424939  0.53595052]
bond dimensions: [2, 2, 2, 2, 2, 1]
Current loss: 3.77849099502
bond: 1 [ 0.76799183  0.62639031  0.12223027  0.05369816]
bond dimensions: [2, 2, 2, 2, 2, 1]
Current loss: 3.71200319411
bond: 2 [ 0.8285735   0.53709932  0.15568535  0.02742891]
bond dimensions: [2, 2, 2, 2, 2, 1]
Current loss: 3.68348784206
bond: 3 [ 0.86934508  0.48461489  0.0930497   0.02700538]
bond dimensions: [2, 2, 2, 2, 2, 1]
Current loss: 3.60196085037
Current loss: 3.75776545068
bond: 4 [ 0.86749444  0.49744688]
bond dimensions: [2, 2, 2, 2, 2, 1]
Current loss: 3.72873356883
bond: 3 [ 0.85739872  0.50748152  0.08530279  0.00730628]
bond dimensions: [2, 2, 2, 2, 2, 1]
Current loss: 3.6957383023
bond: 2 [ 0.81882643  0.55532161  0.14239552  0.02940589]
bond dimensions: [2, 2, 2, 2, 2, 1]
Current loss: 3.6593187896
bond: 1 [ 0.73981933  0.66658534  0.08684737  0.02808698]
bond dimensions: [2, 2, 2, 2, 2, 1]
Current loss: 3.63644682492
bond: 0 [ 0.84118311  0.54075038]
bond dimensions: [2, 2, 2, 2, 2, 1]
Current loss: 3.62804604394
bond: 1 [ 0.7454842   0.66018355  0.08349619  0.03793908]
bond dimensions: [2, 2, 2, 2, 2, 1]
Current loss: 3.62170275089
bond: 2 [ 0.82164681  0.55095411  0.14447087  0.02177745]
bond dimensions: [2, 2, 2, 2, 2, 1]
Current loss: 3.61803401014
bond: 3 [ 0.85458474  0.50179133  0.13309196  0.01330075]
bond dimensions: [2, 2, 2, 2, 2, 1]
Current loss: 3.55149461872
set size: 160  successive fidelity: [0.97909752184084886]
Current Real Fidelity: [0.96199839530218001]
Current loss: 3.61396289057
bond: 4 [ 0.88405641  0.46738022]
bond dimensions: [2, 2, 2, 2, 2, 1]
Current loss: 3.56765980994
bond: 3 [ 0.81252847  0.56765921  0.12627248  0.04019654]
bond dimensions: [2, 2, 2, 2, 2, 1]
Current loss: 3.54638253092
bond: 2 [ 0.75590315  0.64176537  0.12604049  0.02935021]
bond dimensions: [2, 2, 2, 2, 2, 1]
Current loss: 3.51640171544
bond: 1 [ 0.78906632  0.60811514  0.08113281  0.03142901]
bond dimensions: [2, 2, 2, 2, 2, 1]
Current loss: 3.50052468303
bond: 0 [ 0.91483126  0.40383631]
bond dimensions: [2, 2, 2, 2, 2, 1]
Current loss: 3.50074153689
bond: 1 [ 0.79636734  0.60106469  0.06006979  0.03019805]
bond dimensions: [2, 2, 2, 2, 2, 1]
Current loss: 3.49766917916
bond: 2 [ 0.7510133   0.6483885   0.12249255  0.0238108 ]
bond dimensions: [2, 2, 2, 2, 2, 1]
Current loss: 3.49136932892
bond: 3 [ 0.8322803   0.54381033  0.09582112  0.04897086]
bond dimensions: [2, 2, 2, 2, 2, 1]
Current loss: 3.48238018621
set size: 200  successive fidelity: [0.97909752184084886, 0.98432549755575216]
Current Real Fidelity: [0.96199839530218001, 0.98376678183169286]
Current loss: 3.45498589258
bond: 4 [ 0.90641068  0.42239754]
bond dimensions: [2, 2, 2, 2, 2, 1]
Current loss: 3.44657484924
bond: 3 [ 0.84975096  0.51802952  0.09044981  0.03724991]
bond dimensions: [2, 2, 2, 2, 2, 1]
Current loss: 3.44370565305
bond: 2 [ 0.76055533  0.63867905  0.11089613  0.03669745]
bond dimensions: [2, 2, 2, 2, 2, 1]
Current loss: 3.4320737036
bond: 1 [ 0.80066946  0.59561099  0.05997121  0.02407109]
bond dimensions: [2, 2, 2, 2, 2, 1]
Current loss: 3.42457793254
bond: 0 [ 0.91675428  0.3994516 ]
bond dimensions: [2, 2, 2, 2, 2, 1]
Current loss: 3.42392981116
bond: 1 [ 0.80518724  0.5893749   0.06138981  0.02328136]
bond dimensions: [2, 2, 2, 2, 2, 1]
Current loss: 3.4222114609
bond: 2 [ 0.76099313  0.63817136  0.10963308  0.04009189]
bond dimensions: [2, 2, 2, 2, 2, 1]
Current loss: 3.42190689722
bond: 3 [ 0.8546939   0.51039447  0.08820347  0.03487079]
bond dimensions: [2, 2, 2, 2, 2, 1]
Current loss: 3.42020735889
set size: 240  successive fidelity: [0.97909752184084886, 0.98432549755575216, 0.99642679833336467]
Current Real Fidelity: [0.96199839530218001, 0.98376678183169286, 0.98646167859246114]
Current loss: 3.49219310434
bond: 4 [ 0.91175139  0.41074249]
bond dimensions: [2, 2, 2, 2, 2, 1]
Current loss: 3.48062751213
bond: 3 [ 0.85005634  0.51721647  0.0926295   0.03620937]
bond dimensions: [2, 2, 2, 2, 2, 1]
Current loss: 3.47709924997
bond: 2 [ 0.75615828  0.64900839  0.07834899  0.02956687]
bond dimensions: [2, 2, 2, 2, 2, 1]
Current loss: 3.46954026091
bond: 1 [ 0.7983505   0.59775336  0.06770262  0.02727173]
bond dimensions: [2, 2, 2, 2, 2, 1]
Current loss: 3.45875256269
bond: 0 [ 0.91678948  0.39937082]
bond dimensions: [2, 2, 2, 2, 2, 1]
Current loss: 3.45672199964
bond: 1 [ 0.78628877  0.61330726  0.07062713  0.02481897]
bond dimensions: [2, 2, 2, 2, 2, 1]
Current loss: 3.45561172861
bond: 2 [ 0.77350067  0.6289123   0.07435136  0.02525688]
bond dimensions: [2, 2, 2, 2, 2, 1]
Current loss: 3.45286727917
bond: 3 [ 0.87680592  0.47206245  0.08661391  0.02943564]
bond dimensions: [2, 2, 2, 2, 2, 1]
Current loss: 3.4487568034
set size: 280  successive fidelity: [0.97909752184084886, 0.98432549755575216, 0.99642679833336467, 0.99646179360464016]
Current Real Fidelity: [0.96199839530218001, 0.98376678183169286, 0.98646167859246114, 0.98864106362673287]
Current loss: 3.45999747346
bond: 4 [ 0.93154705  0.3636208 ]
bond dimensions: [2, 2, 2, 2, 2, 1]
Current loss: 3.45769379755
bond: 3 [ 0.87317276  0.4772656   0.09603208  0.02376399]
bond dimensions: [2, 2, 2, 2, 2, 1]
Current loss: 3.45606737589
bond: 2 [ 0.76220304  0.64369834  0.06495981  0.0218906 ]
bond dimensions: [2, 2, 2, 2, 2, 1]
Current loss: 3.45361316561
bond: 1 [ 0.78954784  0.60919202  0.07189233  0.01818737]
bond dimensions: [2, 2, 2, 2, 2, 1]
Current loss: 3.45247732673
bond: 0 [ 0.91228363  0.409559  ]
bond dimensions: [2, 2, 2, 2, 2, 1]
Current loss: 3.45222401745
bond: 1 [ 0.78896896  0.60996915  0.07182841  0.01750122]
bond dimensions: [2, 2, 2, 2, 2, 1]
Current loss: 3.4522709531
bond: 2 [ 0.76492674  0.64042241  0.06591074  0.02004956]
bond dimensions: [2, 2, 2, 2, 2, 1]
Current loss: 3.45207616526
bond: 3 [ 0.87283778  0.47813488  0.09539695  0.020992  ]
bond dimensions: [2, 2, 2, 2, 2, 1]
Current loss: 3.45193117416
set size: 320  successive fidelity: [0.97909752184084886, 0.98432549755575216, 0.99642679833336467, 0.99646179360464016, 0.99913831762830219]
Current Real Fidelity: [0.96199839530218001, 0.98376678183169286, 0.98646167859246114, 0.98864106362673287, 0.98906390805973898]
Current loss: 3.41626692017
bond: 4 [ 0.93243925  0.3613268 ]
bond dimensions: [2, 2, 2, 2, 2, 1]
Current loss: 3.41412015836
bond: 3 [ 0.86316085  0.49732423  0.08489768  0.02035534]
bond dimensions: [2, 2, 2, 2, 2, 1]
Current loss: 3.41256849931
bond: 2 [ 0.75247486  0.65528961  0.06297682  0.02027378]
bond dimensions: [2, 2, 2, 2, 2, 1]
Current loss: 3.41130491608
bond: 1 [ 0.80857271  0.5833681   0.07606825  0.0102693 ]
bond dimensions: [2, 2, 2, 2, 2, 1]
Current loss: 3.40920417957
bond: 0 [ 0.92130583  0.38883873]
bond dimensions: [2, 2, 2, 2, 2, 1]
Current loss: 3.40860121971
bond: 1 [ 0.81057103  0.58074205  0.07509246  0.00862604]
bond dimensions: [2, 2, 2, 2, 2, 1]
Current loss: 3.40849433848
bond: 2 [ 0.75278698  0.65539437  0.05800268  0.02014143]
bond dimensions: [2, 2, 2, 2, 2, 1]
Current loss: 3.40841225571
bond: 3 [ 0.8604532   0.50198316  0.08457881  0.02190023]
bond dimensions: [2, 2, 2, 2, 2, 1]
Current loss: 3.40810068576
set size: 360  successive fidelity: [0.97909752184084886, 0.98432549755575216, 0.99642679833336467, 0.99646179360464016, 0.99913831762830219, 0.99919621834485528]
Current Real Fidelity: [0.96199839530218001, 0.98376678183169286, 0.98646167859246114, 0.98864106362673287, 0.98906390805973898, 0.98951939462891092]
Current loss: 3.41614801544
bond: 4 [ 0.9263303   0.37671233]
bond dimensions: [2, 2, 2, 2, 2, 1]
Current loss: 3.41397635316
bond: 3 [ 0.8512755   0.51766629  0.08244084  0.02356157]
bond dimensions: [2, 2, 2, 2, 2, 1]
Current loss: 3.41265080522
bond: 2 [ 0.73990067  0.67032812  0.05516869  0.01279207]
bond dimensions: [2, 2, 2, 2, 2, 1]
Current loss: 3.41034378381
bond: 1 [ 0.82269695  0.56330291  0.0760431   0.00877484]
bond dimensions: [2, 2, 2, 2, 2, 1]
Current loss: 3.40938276535
bond: 0 [ 0.9236816   0.38316094]
bond dimensions: [2, 2, 2, 2, 2, 1]
Current loss: 3.40921746301
bond: 1 [ 0.82512354  0.55954204  0.07720546  0.01109836]
bond dimensions: [2, 2, 2, 2, 2, 1]
Current loss: 3.40921256108
bond: 2 [ 0.73731447  0.6731436   0.05509513  0.01447745]
bond dimensions: [2, 2, 2, 2, 2, 1]
Current loss: 3.40900983878
bond: 3 [ 0.84736431  0.524079    0.0820966   0.02398054]
bond dimensions: [2, 2, 2, 2, 2, 1]
Current loss: 3.40862315408
set size: 400  successive fidelity: [0.97909752184084886, 0.98432549755575216, 0.99642679833336467, 0.99646179360464016, 0.99913831762830219, 0.99919621834485528, 0.99912685818705593]
Current Real Fidelity: [0.96199839530218001, 0.98376678183169286, 0.98646167859246114, 0.98864106362673287, 0.98906390805973898, 0.98951939462891092, 0.99145436738423287]
Current loss: 3.40491714665
bond: 4 [ 0.92102793  0.38949654]
bond dimensions: [2, 2, 2, 2, 2, 1]
Current loss: 3.40351083375
bond: 3 [ 0.84148725  0.53337889  0.07771442  0.03696811]
bond dimensions: [2, 2, 2, 2, 2, 1]
Current loss: 3.40073331849
bond: 2 [ 0.73920595  0.67135447  0.05137004  0.01479402]
bond dimensions: [2, 2, 2, 2, 2, 1]
Current loss: 3.39974567433
bond: 1 [ 0.81193047  0.57928249  0.07095237  0.01290252]
bond dimensions: [2, 2, 2, 2, 2, 1]
Current loss: 3.39881130566
bond: 0 [ 0.9232882   0.38410794]
bond dimensions: [2, 2, 2, 2, 2, 1]
Current loss: 3.39872901685
bond: 1 [ 0.8097047   0.58227488  0.0719608   0.01248667]
bond dimensions: [2, 2, 2, 2, 2, 1]
Current loss: 3.39875965047
bond: 2 [ 0.74322709  0.66677777  0.05335351  0.01320213]
bond dimensions: [2, 2, 2, 2, 2, 1]
Current loss: 3.39870044977
bond: 3 [ 0.84276444  0.5312548   0.07983878  0.03379656]
bond dimensions: [2, 2, 2, 2, 2, 1]
Current loss: 3.39843417729
set size: 440  successive fidelity: [0.97909752184084886, 0.98432549755575216, 0.99642679833336467, 0.99646179360464016, 0.99913831762830219, 0.99919621834485528, 0.99912685818705593, 0.99942236239144144]
Current Real Fidelity: [0.96199839530218001, 0.98376678183169286, 0.98646167859246114, 0.98864106362673287, 0.98906390805973898, 0.98951939462891092, 0.99145436738423287, 0.9926335720719599]
Current loss: 3.40044610605
bond: 4 [ 0.91970315  0.39261446]
bond dimensions: [2, 2, 2, 2, 2, 1]
Current loss: 3.39678755723
bond: 3 [ 0.83146505  0.54958604  0.07554855  0.03022384]
bond dimensions: [2, 2, 2, 2, 2, 1]
Current loss: 3.39575361487
bond: 2 [ 0.72996117  0.68158507  0.0489319   0.01428808]
bond dimensions: [2, 2, 2, 2, 2, 1]
Current loss: 3.39478147251
bond: 1 [ 0.82353649  0.56370801  0.06284468  0.00845436]
bond dimensions: [2, 2, 2, 2, 2, 1]
Current loss: 3.39450151915
bond: 0 [ 0.92873223  0.37075118]
bond dimensions: [2, 2, 2, 2, 2, 1]
Current loss: 3.39442354003
bond: 1 [ 0.82425394  0.56267073  0.06269927  0.0087117 ]
bond dimensions: [2, 2, 2, 2, 2, 1]
Current loss: 3.39442907935
bond: 2 [ 0.7291413   0.68247839  0.04894396  0.01344206]
bond dimensions: [2, 2, 2, 2, 2, 1]
Current loss: 3.39426829597
bond: 3 [ 0.82932389  0.55284843  0.07594162  0.02851973]
bond dimensions: [2, 2, 2, 2, 2, 1]
Current loss: 3.39412714756
set size: 480  successive fidelity: [0.97909752184084886, 0.98432549755575216, 0.99642679833336467, 0.99646179360464016, 0.99913831762830219, 0.99919621834485528, 0.99912685818705593, 0.99942236239144144, 0.99951655633800418]
Current Real Fidelity: [0.96199839530218001, 0.98376678183169286, 0.98646167859246114, 0.98864106362673287, 0.98906390805973898, 0.98951939462891092, 0.99145436738423287, 0.9926335720719599, 0.99352051528849028]
Current loss: 3.42162073072
bond: 4 [ 0.91876775  0.39479845]
bond dimensions: [2, 2, 2, 2, 2, 1]
Current loss: