Present State of MPS:
space_size=24	,cutoff=0.0100000000	,lr=0.100000
bond dimension:[2, 4, 8, 11, 14, 16, 18, 19, 21, 23, 23, 24, 25, 24, 22, 20, 18, 16, 16, 14, 8, 4, 2, 1]	loss=5.324646e+01
cutoff	n_loop	n_descent	learning_rate
1.00e-02	1	10	1.00e-01
1.00e-02	1	10	1.00e-01
1.00e-02	1	10	1.00e-01
1.00e-02	1	10	1.00e-01
1.00e-02	1	10	1.00e-01
1.00e-02	1	10	1.00e-01
1.00e-02	1	10	1.00e-01
1.00e-02	1	10	1.00e-01
1.00e-02	1	10	1.00e-01
1.00e-02	1	10	1.00e-01
1.00e-02	1	10	1.00e-01
1.00e-02	1	10	1.00e-01
1.00e-02	1	10	1.00e-01
1.00e-02	1	10	1.00e-01
1.00e-02	1	10	1.00e-01
1.00e-02	1	10	1.00e-01
Present set_size:51
Present setting_number:49
