Present State of MPS:
space_size=10	,cutoff=0.1000000000	,lr=0.100000
bond dimension:[2, 3, 6, 12, 18, 12, 6, 3, 2, 1]	loss=3.565250e+01
cutoff	n_loop	n_descent	learning_rate
1.00e-01	1	10	1.00e-01
1.00e-01	1	10	1.00e-01
1.00e-01	1	10	1.00e-01
1.00e-01	1	10	1.00e-01
1.00e-01	1	10	1.00e-01
1.00e-01	1	10	1.00e-01
1.00e-01	1	10	1.00e-01
1.00e-01	1	10	1.00e-01
1.00e-01	1	10	1.00e-01
1.00e-01	1	10	1.00e-01
1.00e-01	1	10	1.00e-01
1.00e-01	1	10	1.00e-01
1.00e-01	1	10	1.00e-01
1.00e-01	1	10	1.00e-01
1.00e-01	1	10	1.00e-01
1.00e-01	1	10	1.00e-01
1.00e-01	1	10	1.00e-01
1.00e-01	1	10	1.00e-01
1.00e-01	1	10	1.00e-01
1.00e-01	1	10	1.00e-01
1.00e-01	1	10	1.00e-01
1.00e-01	1	10	1.00e-01
1.00e-01	1	10	1.00e-01
1.00e-01	1	10	1.00e-01
1.00e-01	1	10	1.00e-01
1.00e-01	1	10	1.00e-01
1.00e-01	1	10	1.00e-01
1.00e-01	1	10	1.00e-01
1.00e-01	1	10	1.00e-01
1.00e-01	1	10	1.00e-01
1.00e-01	1	10	1.00e-01
1.00e-01	1	10	1.00e-01
1.00e-01	1	10	1.00e-01
1.00e-01	1	10	1.00e-01
1.00e-01	1	10	1.00e-01
1.00e-01	1	10	1.00e-01
1.00e-01	1	10	1.00e-01
1.00e-01	1	10	1.00e-01
1.00e-01	1	10	1.00e-01
1.00e-01	1	10	1.00e-01
1.00e-01	1	10	1.00e-01
1.00e-01	1	10	1.00e-01
1.00e-01	1	10	1.00e-01
1.00e-01	1	10	1.00e-01
1.00e-01	1	10	1.00e-01
1.00e-01	1	10	1.00e-01
Present set_size:141
Present setting_number:21
